  GameState.cpp
C:\Users\lenovo\Desktop\SFML_Game\Game_Dev\SFML_Game\GameState.cpp(47,31): warning C4305: 'argument': truncation from 'double' to 'float'
C:\Users\lenovo\Desktop\SFML_Game\Game_Dev\SFML_Game\GameState.cpp(105,47): warning C4244: 'argument': conversion from 'float' to 'T', possible loss of data
          with
          [
              T=int
          ]
C:\Users\lenovo\Desktop\SFML_Game\Game_Dev\SFML_Game\GameState.cpp(116,40): warning C4244: 'argument': conversion from 'float' to 'T', possible loss of data
          with
          [
              T=int
          ]
C:\Users\lenovo\Desktop\SFML_Game\Game_Dev\SFML_Game\GameState.cpp(115,40): warning C4244: 'argument': conversion from 'float' to 'T', possible loss of data
          with
          [
              T=int
          ]
C:\Users\lenovo\Desktop\SFML_Game\Game_Dev\SFML_Game\GameState.cpp(114,43): warning C4244: 'argument': conversion from 'float' to 'T', possible loss of data
          with
          [
              T=int
          ]
C:\Users\lenovo\Desktop\SFML_Game\Game_Dev\SFML_Game\GameState.cpp(126,42): warning C4244: 'argument': conversion from 'float' to 'T', possible loss of data
          with
          [
              T=int
          ]
C:\Users\lenovo\Desktop\SFML_Game\Game_Dev\SFML_Game\GameState.cpp(125,42): warning C4244: 'argument': conversion from 'float' to 'T', possible loss of data
          with
          [
              T=int
          ]
C:\Users\lenovo\Desktop\SFML_Game\Game_Dev\SFML_Game\GameState.cpp(124,47): warning C4244: 'argument': conversion from 'float' to 'T', possible loss of data
          with
          [
              T=int
          ]
C:\Users\lenovo\Desktop\SFML_Game\Game_Dev\SFML_Game\GameState.cpp(296,60): warning C4244: 'argument': conversion from 'T' to 'T', possible loss of data
          with
          [
              T=unsigned int
          ]
          and
          [
              T=float
          ]
C:\Users\lenovo\Desktop\SFML_Game\Game_Dev\SFML_Game\GameState.cpp(374,29): warning C4244: 'argument': conversion from 'T' to 'float', possible loss of data
          with
          [
              T=unsigned int
          ]
C:\Users\lenovo\Desktop\SFML_Game\Game_Dev\SFML_Game\GameState.cpp(402,14): warning C4244: 'initializing': conversion from 'sf::Int32' to 'float', possible loss of data
C:\Users\lenovo\Desktop\SFML_Game\Game_Dev\SFML_Game\GameState.cpp(403,18): warning C4244: 'initializing': conversion from 'sf::Int32' to 'float', possible loss of data
C:\Users\lenovo\Desktop\SFML_Game\Game_Dev\SFML_Game\GameState.cpp(410,63): warning C4244: 'argument': conversion from 'T' to 'float', possible loss of data
          with
          [
              T=unsigned int
          ]
C:\Users\lenovo\Desktop\SFML_Game\Game_Dev\SFML_Game\GameState.cpp(425,63): warning C4244: 'argument': conversion from 'T' to 'float', possible loss of data
          with
          [
              T=unsigned int
          ]
C:\Users\lenovo\Desktop\SFML_Game\Game_Dev\SFML_Game\GameState.cpp(448,28): warning C4244: 'argument': conversion from 'T' to 'float', possible loss of data
          with
          [
              T=unsigned int
          ]
C:\Users\lenovo\Desktop\SFML_Game\Game_Dev\SFML_Game\GameState.cpp(557,26): warning C4244: '=': conversion from 'double' to 'T', possible loss of data
          with
          [
              T=float
          ]
C:\Users\lenovo\Desktop\SFML_Game\Game_Dev\SFML_Game\GameState.cpp(558,26): warning C4244: '=': conversion from 'double' to 'T', possible loss of data
          with
          [
              T=float
          ]
C:\Users\lenovo\Desktop\SFML_Game\Game_Dev\SFML_Game\GameState.cpp(606,29): warning C4244: 'argument': conversion from 'float' to 'const int', possible loss of data
  Generating code
  1 of 1473 functions (<0.1%) were compiled, the rest were copied from previous compilation.
    0 functions were new in current compilation
    2 functions had inline decision re-evaluated but remain unchanged
  Finished generating code
  SFML_Game.vcxproj -> C:\Users\lenovo\Desktop\SFML_Game\Game_Dev\x64\Release\SFML_Game.exe
